<?xml version="1.0" encoding="UTF-8"?>
<!-- Generated by org.testng.reporters.JUnitReportReporter -->
<testsuite hostname="mindc1d464" failures="0" tests="1" name="Mindtree.Comprehensive.Assessment_3" time="8.015" errors="0" timestamp="2022-05-20T00:34:02 GMT-07:00" skipped="0">
  <testcase classname="Mindtree.Comprehensive.Assessment_3" name="Test3" time="8.015"/>
  <system-out/>
</testsuite> <!-- Mindtree.Comprehensive.Assessment_3 -->
